<?xml version="1.0" encoding="UTF-8" ?>
<testsuite tests="5" failures="2" name="com.mycompany.onlinertest.test.Tests" time="159.502" errors="0" skipped="0">
  <properties>
[...]
</properties>
  <testcase classname="com.mycompany.onlinertest.test.Tests" name="TechTabTest" time="32.78"/>
  <testcase classname="com.mycompany.onlinertest.test.Tests" name="loginTest" time="2.695">
    <failure message=" wrong data
Build info: version: &apos;2.53.0&apos;, revision: &apos;35ae25b1534ae328c771e0856c93e187490ca824&apos;, time: &apos;2016-03-15 10:43:46&apos;
System info: host: &apos;Nafanya&apos;, ip: &apos;10.0.80.209&apos;, os.name: &apos;Windows 8.1&apos;, os.arch: &apos;amd64&apos;, os.version: &apos;6.3&apos;, java.version: &apos;1.8.0_65&apos;
Driver info: driver.version: unknown" type="org.openqa.selenium.ElementNotVisibleException">org.openqa.selenium.ElementNotVisibleException:  wrong data
Build info: version: &apos;2.53.0&apos;, revision: &apos;35ae25b1534ae328c771e0856c93e187490ca824&apos;, time: &apos;2016-03-15 10:43:46&apos;
System info: host: &apos;Nafanya&apos;, ip: &apos;10.0.80.209&apos;, os.name: &apos;Windows 8.1&apos;, os.arch: &apos;amd64&apos;, os.version: &apos;6.3&apos;, java.version: &apos;1.8.0_65&apos;
Driver info: driver.version: unknown
	at com.mycompany.onlinertest.test.Tests.loginTest(Tests.java:60)
</failure>
    <system-out>user logged
</system-out>
  </testcase>
  <testcase classname="com.mycompany.onlinertest.test.Tests" name="loginTest" time="6.961"/>
  <testcase classname="com.mycompany.onlinertest.test.Tests" name="loginTest" time="2.134">
    <failure message=" wrong data
Build info: version: &apos;2.53.0&apos;, revision: &apos;35ae25b1534ae328c771e0856c93e187490ca824&apos;, time: &apos;2016-03-15 10:43:46&apos;
System info: host: &apos;Nafanya&apos;, ip: &apos;10.0.80.209&apos;, os.name: &apos;Windows 8.1&apos;, os.arch: &apos;amd64&apos;, os.version: &apos;6.3&apos;, java.version: &apos;1.8.0_65&apos;
Driver info: driver.version: unknown" type="org.openqa.selenium.ElementNotVisibleException">org.openqa.selenium.ElementNotVisibleException:  wrong data
Build info: version: &apos;2.53.0&apos;, revision: &apos;35ae25b1534ae328c771e0856c93e187490ca824&apos;, time: &apos;2016-03-15 10:43:46&apos;
System info: host: &apos;Nafanya&apos;, ip: &apos;10.0.80.209&apos;, os.name: &apos;Windows 8.1&apos;, os.arch: &apos;amd64&apos;, os.version: &apos;6.3&apos;, java.version: &apos;1.8.0_65&apos;
Driver info: driver.version: unknown
	at com.mycompany.onlinertest.test.Tests.loginTest(Tests.java:60)
</failure>
    <system-out>user logged
</system-out>
  </testcase>
  <testcase classname="com.mycompany.onlinertest.test.Tests" name="searchTest" time="26.325"/>
</testsuite>